TN:
SF:src/numericAlgorithm.js
FN:1,f
FNF:1
FNH:1
FNDA:13,f
DA:1,1
DA:2,13
DA:3,13
DA:4,13
DA:5,13
DA:6,13
DA:7,13
DA:8,13
DA:9,1
DA:10,1
DA:11,1
DA:12,1
DA:13,1
DA:14,1
DA:15,12
DA:16,13
DA:17,8
DA:18,8
DA:19,13
DA:20,13
DA:21,13
DA:22,13
DA:23,13
DA:24,13
DA:25,13
DA:26,13
DA:27,13
DA:28,13
DA:29,13
DA:30,13
DA:31,13
DA:32,13
DA:33,13
DA:34,13
DA:35,13
DA:36,13
DA:37,13
DA:38,13
DA:39,13
DA:40,13
DA:41,13
DA:42,13
DA:43,13
DA:44,13
DA:45,13
DA:46,13
DA:47,13
DA:48,13
DA:49,13
DA:50,13
DA:51,13
LF:51
LH:51
BRDA:1,0,0,13
BRDA:8,1,0,1
BRDA:15,2,0,12
BRDA:16,3,0,8
BRDA:10,4,0,1
BRDA:50,5,0,18
BRF:6
BRH:6
end_of_record
TN:
SF:src/stringManipulation.js
FN:7,Object.<anonymous>.module.exports
FNF:1
FNH:1
FNDA:1,Object.<anonymous>.module.exports
DA:1,1
DA:2,1
DA:3,1
DA:4,1
DA:5,1
DA:6,1
DA:7,1
LF:7
LH:7
BRDA:7,0,0,1
BRF:1
BRH:1
end_of_record
